<?xml version="1.0" encoding="UTF-8"?>
<!-- Generated by org.testng.reporters.JUnitReportReporter -->
<testsuite hostname="nycs-MBP.lan" failures="0" tests="4" name="misc.JsonPathExample" time="1.399" errors="0" timestamp="2023-03-18T16:05:58 EDT" skipped="0">
  <testcase classname="misc.JsonPathExample" name="jsonPathMap" time="0.031"/>
  <system-out/>
  <testcase classname="misc.JsonPathExample" name="jsonPathGetDouble" time="1.320"/>
  <system-out/>
  <testcase classname="misc.JsonPathExample" name="jsonPathWildCard" time="0.001"/>
  <system-out/>
  <testcase classname="misc.JsonPathExample" name="jsonPathGetList" time="0.047"/>
  <system-out/>
</testsuite> <!-- misc.JsonPathExample -->
