<?xml version="1.0" encoding="UTF-8"?>
<!-- Generated by org.testng.reporters.JUnitReportReporter -->
<testsuite hostname="nycs-MBP.lan" failures="0" tests="1" name="unittests.Misc" time="0.016" errors="0" timestamp="2023-03-18T03:52:02 EDT" skipped="0">
  <testcase classname="unittests.Misc" name="base64Convertion" time="0.016"/>
  <system-out/>
</testsuite> <!-- unittests.Misc -->
