<?xml version="1.0" encoding="UTF-8"?>
<!-- Generated by org.testng.reporters.JUnitReportReporter -->
<testsuite hostname="nycs-MBP.lan" failures="0" tests="1" name="unittests.PutTest" time="0.514" errors="0" timestamp="2023-03-20T21:16:34 EDT" skipped="0">
  <testcase classname="unittests.PutTest" name="putTest" time="0.514"/>
  <system-out/>
</testsuite> <!-- unittests.PutTest -->
