<?xml version="1.0" encoding="UTF-8"?>
<!-- Generated by org.testng.reporters.JUnitReportReporter -->
<testsuite hostname="nycs-MBP.lan" failures="0" tests="1" name="functionaltests.GetPlayersTest" time="2.364" errors="0" timestamp="2023-03-20T21:33:16 EDT" skipped="0">
  <testcase classname="functionaltests.GetPlayersTest" name="getPlayersValidation" time="2.364"/>
  <system-out/>
</testsuite> <!-- functionaltests.GetPlayersTest -->
